2021-06-13 17:15:42,324 [Worker-9] INFO  o.e.m.c.i.l.LifecycleMappingFactory - Using org.eclipse.m2e.jdt.JarLifecycleMapping lifecycle mapping for MavenProject: com.avaya.kafka:spring-boot-kafka-example:0.0.1-SNAPSHOT @ C:\PrakashData\MyGitHubSrc\java-practise\spring-boot-kafka-example\pom.xml.
2021-06-13 17:15:52,772 [Worker-9] INFO  o.e.m.j.i.AbstractJavaProjectConfigurator - Adding source folder /spring-boot-kafka-example/src/main/java
2021-06-13 17:15:52,774 [Worker-9] INFO  o.e.m.j.i.AbstractJavaProjectConfigurator - Adding resource folder /spring-boot-kafka-example/src/main/resources
2021-06-13 17:15:52,802 [Worker-9] INFO  o.e.m.j.i.AbstractJavaProjectConfigurator - Adding resource folder /spring-boot-kafka-example/src/main/resources
2021-06-13 17:15:52,827 [Worker-9] INFO  o.e.m.j.i.AbstractJavaProjectConfigurator - Adding source folder /spring-boot-kafka-example/src/test/java
2021-06-13 17:15:57,477 [Worker-9] INFO  o.e.m.c.i.p.ProjectConfigurationManager - Imported and configured 1 project(s) in 22 sec
2021-06-13 17:16:01,240 [Worker-3] INFO  o.e.m.i.discovery.MavenDiscovery - No lifecyle mapping found at jar:file:/C:/Users/prungta/AppData/Local/Temp/RemoteBundleDiscoveryStrategy2051739636752405634.tmp/org.eclipse.m2e.discovery.oss_catalog_1.6.jar_2404769348788027763.jar!/lifecycle%2Forg.eclipse.m2e.discovery.lifecyclemapping.m2e-egit.xml
2021-06-13 17:16:01,242 [Worker-3] WARN  o.e.m.i.discovery.MavenDiscovery - CatalogItem org.eclipse.m2e.discovery.lifecyclemapping.m2e-egit does not contain lifecycle mapping metadata
2021-06-13 17:16:01,246 [Worker-3] INFO  o.e.m.i.discovery.MavenDiscovery - No lifecyle mapping found at jar:file:/C:/Users/prungta/AppData/Local/Temp/RemoteBundleDiscoveryStrategy2051739636752405634.tmp/org.eclipse.m2e.discovery.oss_catalog_1.6.jar_2404769348788027763.jar!/lifecycle%2Forg.eclipse.m2e.discovery.lifecyclemapping.m2e-subversive.xml
2021-06-13 17:16:01,248 [Worker-3] WARN  o.e.m.i.discovery.MavenDiscovery - CatalogItem org.eclipse.m2e.discovery.lifecyclemapping.m2e-subversive does not contain lifecycle mapping metadata
2021-06-13 17:16:08,143 [Worker-3] INFO  o.e.m.c.i.embedder.EclipseLogger - Using 'UTF-8' encoding to copy filtered resources.
2021-06-13 17:16:08,143 [Worker-3] INFO  o.e.m.c.i.embedder.EclipseLogger - Using 'UTF-8' encoding to copy filtered properties files.
2021-06-13 17:16:08,150 [Worker-3] INFO  o.e.m.c.i.embedder.EclipseLogger - Copying 1 resource
2021-06-13 17:16:08,184 [Worker-3] INFO  o.e.m.c.i.embedder.EclipseLogger - Copying 1 resource
2021-06-13 17:16:08,205 [Worker-3] INFO  o.e.m.c.i.embedder.EclipseLogger - Using 'UTF-8' encoding to copy filtered resources.
2021-06-13 17:16:08,206 [Worker-3] INFO  o.e.m.c.i.embedder.EclipseLogger - Using 'UTF-8' encoding to copy filtered properties files.
2021-06-13 17:16:08,206 [Worker-3] INFO  o.e.m.c.i.embedder.EclipseLogger - skip non existing resourceDirectory C:\PrakashData\MyGitHubSrc\java-practise\spring-boot-kafka-example\src\test\resources
2021-06-13 17:16:47,979 [main] INFO  o.e.m.i.discovery.MavenDiscovery - No lifecyle mapping found at jar:file:/C:/Users/prungta/AppData/Local/Temp/RemoteBundleDiscoveryStrategy6532326201651579000.tmp/org.eclipse.m2e.discovery.oss_catalog_1.6.jar_331355593444578376.jar!/lifecycle%2Forg.eclipse.m2e.discovery.lifecyclemapping.m2e-egit.xml
2021-06-13 17:16:47,980 [main] WARN  o.e.m.i.discovery.MavenDiscovery - CatalogItem org.eclipse.m2e.discovery.lifecyclemapping.m2e-egit does not contain lifecycle mapping metadata
2021-06-13 17:16:47,984 [main] INFO  o.e.m.i.discovery.MavenDiscovery - No lifecyle mapping found at jar:file:/C:/Users/prungta/AppData/Local/Temp/RemoteBundleDiscoveryStrategy6532326201651579000.tmp/org.eclipse.m2e.discovery.oss_catalog_1.6.jar_331355593444578376.jar!/lifecycle%2Forg.eclipse.m2e.discovery.lifecyclemapping.m2e-subversive.xml
2021-06-13 17:16:47,986 [main] WARN  o.e.m.i.discovery.MavenDiscovery - CatalogItem org.eclipse.m2e.discovery.lifecyclemapping.m2e-subversive does not contain lifecycle mapping metadata
2021-06-13 17:20:28,303 [Worker-15] INFO  o.e.m.c.i.embedder.EclipseLogger - Using 'UTF-8' encoding to copy filtered resources.
2021-06-13 17:20:28,304 [Worker-15] INFO  o.e.m.c.i.embedder.EclipseLogger - Using 'UTF-8' encoding to copy filtered properties files.
2021-06-13 17:20:28,311 [Worker-15] INFO  o.e.m.c.i.embedder.EclipseLogger - Copying 1 resource
2021-06-13 17:20:28,324 [Worker-15] INFO  o.e.m.c.i.embedder.EclipseLogger - Copying 1 resource
2021-06-13 17:20:28,331 [Worker-15] INFO  o.e.m.c.i.embedder.EclipseLogger - Using 'UTF-8' encoding to copy filtered resources.
2021-06-13 17:20:28,331 [Worker-15] INFO  o.e.m.c.i.embedder.EclipseLogger - Using 'UTF-8' encoding to copy filtered properties files.
2021-06-13 17:20:28,331 [Worker-15] INFO  o.e.m.c.i.embedder.EclipseLogger - skip non existing resourceDirectory C:\PrakashData\MyGitHubSrc\java-practise\spring-boot-kafka-example\src\test\resources
2021-06-13 17:26:25,921 [Worker-22] INFO  o.e.m.i.launch.MavenLaunchDelegate - C:\PrakashData\MyGitHubSrc\java-practise\spring-boot-kafka-example
2021-06-13 17:26:25,922 [Worker-22] INFO  o.e.m.i.launch.MavenLaunchDelegate -  mvn  -B install
2021-06-13 17:27:29,329 [Worker-23] INFO  o.e.m.c.i.embedder.EclipseLogger - Using 'UTF-8' encoding to copy filtered resources.
2021-06-13 17:27:29,329 [Worker-23] INFO  o.e.m.c.i.embedder.EclipseLogger - Using 'UTF-8' encoding to copy filtered properties files.
2021-06-13 17:27:29,330 [Worker-23] INFO  o.e.m.c.i.embedder.EclipseLogger - Copying 0 resource
2021-06-13 17:27:29,331 [Worker-23] INFO  o.e.m.c.i.embedder.EclipseLogger - Copying 0 resource
2021-06-13 17:27:29,334 [Worker-23] INFO  o.e.m.c.i.embedder.EclipseLogger - Using 'UTF-8' encoding to copy filtered resources.
2021-06-13 17:27:29,334 [Worker-23] INFO  o.e.m.c.i.embedder.EclipseLogger - Using 'UTF-8' encoding to copy filtered properties files.
2021-06-13 17:27:29,335 [Worker-23] INFO  o.e.m.c.i.embedder.EclipseLogger - skip non existing resourceDirectory C:\PrakashData\MyGitHubSrc\java-practise\spring-boot-kafka-example\src\test\resources
2021-06-13 17:27:48,762 [Worker-22] INFO  o.e.m.i.launch.MavenLaunchDelegate - C:\PrakashData\MyGitHubSrc\java-practise\spring-boot-kafka-example
2021-06-13 17:27:48,763 [Worker-22] INFO  o.e.m.i.launch.MavenLaunchDelegate -  mvn  -B install
2021-06-13 17:30:48,372 [Worker-15] INFO  o.e.m.c.i.embedder.EclipseLogger - Using 'UTF-8' encoding to copy filtered resources.
2021-06-13 17:30:48,372 [Worker-15] INFO  o.e.m.c.i.embedder.EclipseLogger - Using 'UTF-8' encoding to copy filtered properties files.
2021-06-13 17:30:48,378 [Worker-15] INFO  o.e.m.c.i.embedder.EclipseLogger - Copying 1 resource
2021-06-13 17:30:48,402 [Worker-15] INFO  o.e.m.c.i.embedder.EclipseLogger - Copying 1 resource
2021-06-13 17:30:48,409 [Worker-15] INFO  o.e.m.c.i.embedder.EclipseLogger - Using 'UTF-8' encoding to copy filtered resources.
2021-06-13 17:30:48,410 [Worker-15] INFO  o.e.m.c.i.embedder.EclipseLogger - Using 'UTF-8' encoding to copy filtered properties files.
2021-06-13 17:30:48,410 [Worker-15] INFO  o.e.m.c.i.embedder.EclipseLogger - skip non existing resourceDirectory C:\PrakashData\MyGitHubSrc\java-practise\spring-boot-kafka-example\src\test\resources
2021-06-13 17:34:27,381 [Worker-18] INFO  o.e.m.c.i.embedder.EclipseLogger - Using 'UTF-8' encoding to copy filtered resources.
2021-06-13 17:34:27,381 [Worker-18] INFO  o.e.m.c.i.embedder.EclipseLogger - Using 'UTF-8' encoding to copy filtered properties files.
2021-06-13 17:34:27,385 [Worker-18] INFO  o.e.m.c.i.embedder.EclipseLogger - Copying 1 resource
2021-06-13 17:34:27,402 [Worker-18] INFO  o.e.m.c.i.embedder.EclipseLogger - Copying 1 resource
2021-06-13 17:34:27,408 [Worker-18] INFO  o.e.m.c.i.embedder.EclipseLogger - Using 'UTF-8' encoding to copy filtered resources.
2021-06-13 17:34:27,409 [Worker-18] INFO  o.e.m.c.i.embedder.EclipseLogger - Using 'UTF-8' encoding to copy filtered properties files.
2021-06-13 17:34:27,409 [Worker-18] INFO  o.e.m.c.i.embedder.EclipseLogger - skip non existing resourceDirectory C:\PrakashData\MyGitHubSrc\java-practise\spring-boot-kafka-example\src\test\resources
2021-06-13 17:35:24,227 [Worker-15] INFO  o.e.m.c.i.embedder.EclipseLogger - Using 'UTF-8' encoding to copy filtered resources.
2021-06-13 17:35:24,227 [Worker-15] INFO  o.e.m.c.i.embedder.EclipseLogger - Using 'UTF-8' encoding to copy filtered properties files.
2021-06-13 17:35:24,232 [Worker-15] INFO  o.e.m.c.i.embedder.EclipseLogger - Copying 1 resource
2021-06-13 17:35:24,251 [Worker-15] INFO  o.e.m.c.i.embedder.EclipseLogger - Copying 1 resource
2021-06-13 17:35:24,256 [Worker-15] INFO  o.e.m.c.i.embedder.EclipseLogger - Using 'UTF-8' encoding to copy filtered resources.
2021-06-13 17:35:24,257 [Worker-15] INFO  o.e.m.c.i.embedder.EclipseLogger - Using 'UTF-8' encoding to copy filtered properties files.
2021-06-13 17:35:24,257 [Worker-15] INFO  o.e.m.c.i.embedder.EclipseLogger - skip non existing resourceDirectory C:\PrakashData\MyGitHubSrc\java-practise\spring-boot-kafka-example\src\test\resources
